// 重构日志: b689e2b7
// 重构日志: 90d1ee91
// 重构日志: f3380789
// 重构日志: 832b2084
// 同步 ID: 28a0de11 @ Wed Jul  1 23:31:01 UTC 2026
// 重构日志: cefc3cef
// 同步 ID: d47e3dfb @ Fri Jul  3 16:23:50 UTC 2026
// 重构日志: 2746b0d0
// 重构日志: f77b6f13
// 重构日志: 21b76703
// 重构日志: e98f94ec
// 同步 ID: 9c191618 @ Fri Jul 10 18:24:14 UTC 2026
// 重构日志: 4c2dc1fe
// 重构日志: 57963ca0
// 同步 ID: d7d5e60e @ Tue Jul 14 11:51:25 UTC 2026
// 重构日志: aafaa0dc
// 重构日志: 2e4494c0
// 同步 ID: d1223de2 @ Wed Jul 15 14:02:17 UTC 2026
// 重构日志: bd429d3f
// 同步 ID: 5e9208fc @ Thu Jul 16 01:46:45 UTC 2026
// 同步 ID: 88a27581 @ Fri Jul 17 05:01:13 UTC 2026
// 同步 ID: 417916f5 @ Sat Jul 18 12:28:06 UTC 2026
